------------------------------------------
Setting up environment variables
---
LD_LIBRARY_PATH is .:/usr/local/matlab-compiler/v91/runtime/glnxa64:/usr/local/matlab-compiler/v91/bin/glnxa64:/usr/local/matlab-compiler/v91/sys/os/glnxa64:/usr/local/matlab-compiler/v91/sys/opengl/lib/glnxa64

usepar =

  logical

   1

===Loading coil data...
Loading coil 1/32...
Loading coil 2/32...
Loading coil 3/32...
Loading coil 4/32...
Loading coil 5/32...
Loading coil 6/32...
Loading coil 7/32...
Loading coil 8/32...
Loading coil 9/32...
Loading coil 10/32...
Loading coil 11/32...
Loading coil 12/32...
Loading coil 13/32...
Loading coil 14/32...
Loading coil 15/32...
Loading coil 16/32...
Loading coil 17/32...
Loading coil 18/32...
Loading coil 19/32...
Loading coil 20/32...
Loading coil 21/32...
Loading coil 22/32...
Loading coil 23/32...
Loading coil 24/32...
Loading coil 25/32...
Loading coil 26/32...
Loading coil 27/32...
Loading coil 28/32...
Loading coil 29/32...
Loading coil 30/32...
Loading coil 31/32...
Loading coil 32/32...
===Extracting even samples...
===Done! Took 34.4 seconds.
Starting parallel pool (parpool) using the 'local' profile ... connected to 12 workers.
===Calculating weights...
slice 68/132...
slice 40/132...
slice 32/132...
slice 62/132...
slice 55/132...
slice 24/132...
slice 8/132...
slice 16/132...
slice 48/132...
slice 74/132...
slice 79/132...
slice 84/132...
slice 23/132...
slice 31/132...
slice 15/132...
slice 7/132...
slice 39/132...
slice 54/132...
slice 47/132...
slice 73/132...
slice 78/132...
slice 61/132...
slice 83/132...
slice 67/132...
slice 22/132...
slice 30/132...
slice 53/132...
slice 14/132...
slice 38/132...
slice 6/132...
slice 46/132...
slice 77/132...
slice 72/132...
slice 66/132...
slice 60/132...
slice 82/132...
slice 21/132...
slice 29/132...
slice 37/132...
slice 13/132...
slice 52/132...
slice 45/132...
slice 76/132...
slice 71/132...
slice 5/132...
slice 59/132...
slice 65/132...
slice 81/132...
slice 20/132...
slice 28/132...
slice 36/132...
slice 51/132...
slice 12/132...
slice 44/132...
slice 75/132...
slice 58/132...
slice 70/132...
slice 64/132...
slice 4/132...
slice 19/132...
slice 27/132...
slice 80/132...
slice 35/132...
slice 50/132...
slice 43/132...
slice 11/132...
slice 57/132...
slice 69/132...
slice 63/132...
slice 3/132...
slice 26/132...
slice 18/132...
slice 34/132...
slice 49/132...
slice 42/132...
slice 10/132...
slice 56/132...
slice 88/132...
slice 87/132...
slice 25/132...
slice 17/132...
slice 2/132...
slice 33/132...
slice 41/132...
slice 9/132...
slice 92/132...
slice 91/132...
slice 96/132...
slice 95/132...
slice 86/132...
slice 99/132...
slice 98/132...
slice 1/132...
slice 102/132...
slice 101/132...
slice 105/132...
slice 104/132...
slice 94/132...
slice 85/132...
slice 90/132...
slice 97/132...
slice 108/132...
slice 107/132...
slice 110/132...
slice 109/132...
slice 112/132...
slice 111/132...
slice 114/132...
slice 113/132...
slice 116/132...
slice 115/132...
slice 103/132...
slice 100/132...
slice 118/132...
slice 117/132...
slice 93/132...
slice 89/132...
slice 106/132...
slice 120/132...
slice 119/132...
slice 122/132...
slice 121/132...
slice 124/132...
slice 123/132...
slice 126/132...
slice 125/132...
slice 128/132...
slice 127/132...
slice 132/132...
slice 131/132...
slice 130/132...
slice 129/132...
Parallel pool using the 'local' profile is shutting down.
===Done! Took 470.3 seconds.
===Saving weights as ../uncombined_data_CoilWeights.mat...
===Done! Took 1.0 seconds.
===Writing reweighted data as ../uncombined_data_comb_even.nii...
===Done! Took 0.3 seconds.
